#-----------------------------------------------------------
# Vivado v2023.1 (64-bit)
# SW Build 3865809 on Sun May  7 15:05:29 MDT 2023
# IP Build 3864474 on Sun May  7 20:36:21 MDT 2023
# SharedData Build 3865790 on Sun May 07 13:33:03 MDT 2023
# Start of session at: Sat Dec  2 00:29:57 2023
# Process ID: 20712
# Current directory: C:/Users/marco/OneDrive/Desktop/Projects/Progetti Vivado/NECST/Merge_SortG/Merge_SortG
# Command line: vivado.exe -gui_launcher_event rodinguilauncherevent16632 C:\Users\marco\OneDrive\Desktop\Projects\Progetti Vivado\NECST\Merge_SortG\Merge_SortG\Merge_SortG.xpr
# Log file: C:/Users/marco/OneDrive/Desktop/Projects/Progetti Vivado/NECST/Merge_SortG/Merge_SortG/vivado.log
# Journal file: C:/Users/marco/OneDrive/Desktop/Projects/Progetti Vivado/NECST/Merge_SortG/Merge_SortG\vivado.jou
# Running On: PC-di-Marco, OS: Windows, CPU Frequency: 2808 MHz, CPU Physical cores: 4, Host memory: 8469 MB
#-----------------------------------------------------------
start_gui
open_project {C:/Users/marco/OneDrive/Desktop/Projects/Progetti Vivado/NECST/Merge_SortG/Merge_SortG/Merge_SortG.xpr}
INFO: [ProjectBase 1-489] The host OS only allows 260 characters in a normal path. The project is stored in a path with more than 80 characters. If you experience issues with IP, Block Designs, or files not being found, please consider moving the project to a location with a shorter path. Alternately consider using the OS subst command to map part of the path to a drive letter.
Current project path is 'C:/Users/marco/OneDrive/Desktop/Projects/Progetti Vivado/NECST/Merge_SortG/Merge_SortG'
WARNING: [Board 49-26] cannot add Board Part xilinx.com:kcu105:part0:1.6 available at D:/Xilinx/Vivado/2023.1/data/xhub/boards/XilinxBoardStore/boards/Xilinx/kcu105/1.6/board.xml as part xcku040-ffva1156-2-e specified in board_part file is either invalid or not available
WARNING: [Board 49-26] cannot add Board Part xilinx.com:kcu105:part0:1.7 available at D:/Xilinx/Vivado/2023.1/data/xhub/boards/XilinxBoardStore/boards/Xilinx/kcu105/1.7/board.xml as part xcku040-ffva1156-2-e specified in board_part file is either invalid or not available
WARNING: [Board 49-26] cannot add Board Part xilinx.com:kcu116:part0:1.4 available at D:/Xilinx/Vivado/2023.1/data/xhub/boards/XilinxBoardStore/boards/Xilinx/kcu116/1.4/board.xml as part xcku5p-ffvb676-2-e specified in board_part file is either invalid or not available
WARNING: [Board 49-26] cannot add Board Part xilinx.com:kcu116:part0:1.5 available at D:/Xilinx/Vivado/2023.1/data/xhub/boards/XilinxBoardStore/boards/Xilinx/kcu116/1.5/board.xml as part xcku5p-ffvb676-2-e specified in board_part file is either invalid or not available
WARNING: [Board 49-26] cannot add Board Part xilinx.com:kcu1500:part0:1.2 available at D:/Xilinx/Vivado/2023.1/data/xhub/boards/XilinxBoardStore/boards/Xilinx/kcu1500/1.2/board.xml as part xcku115-flvb2104-2-e specified in board_part file is either invalid or not available
WARNING: [Board 49-26] cannot add Board Part xilinx.com:vck190:part0:2.2 available at D:/Xilinx/Vivado/2023.1/data/xhub/boards/XilinxBoardStore/boards/Xilinx/vck190/production/2.2/board.xml as part xcvc1902-vsva2197-2mp-e-s specified in board_part file is either invalid or not available
WARNING: [Board 49-26] cannot add Board Part xilinx.com:vck190:part0:3.0 available at D:/Xilinx/Vivado/2023.1/data/xhub/boards/XilinxBoardStore/boards/Xilinx/vck190/production/3.0/board.xml as part xcvc1902-vsva2197-2mp-e-s specified in board_part file is either invalid or not available
WARNING: [Board 49-26] cannot add Board Part xilinx.com:vck190:part0:3.1 available at D:/Xilinx/Vivado/2023.1/data/xhub/boards/XilinxBoardStore/boards/Xilinx/vck190/production/3.1/board.xml as part xcvc1902-vsva2197-2mp-e-s specified in board_part file is either invalid or not available
WARNING: [Board 49-26] cannot add Board Part xilinx.com:vck190:part0:3.2 available at D:/Xilinx/Vivado/2023.1/data/xhub/boards/XilinxBoardStore/boards/Xilinx/vck190/production/3.2/board.xml as part xcvc1902-vsva2197-2mp-e-s specified in board_part file is either invalid or not available
WARNING: [Board 49-26] cannot add Board Part xilinx.com:vck190_newl:part0:1.0 available at D:/Xilinx/Vivado/2023.1/data/xhub/boards/XilinxBoardStore/boards/Xilinx/vck190_newl/production/1.0/board.xml as part xcvc1902-vsva2197-2mp-e-s specified in board_part file is either invalid or not available
WARNING: [Board 49-26] cannot add Board Part xilinx.com:vck190_newl:part0:1.1 available at D:/Xilinx/Vivado/2023.1/data/xhub/boards/XilinxBoardStore/boards/Xilinx/vck190_newl/production/1.1/board.xml as part xcvc1902-vsva2197-2mp-e-s specified in board_part file is either invalid or not available
WARNING: [Board 49-26] cannot add Board Part xilinx.com:vcu108:part0:1.6 available at D:/Xilinx/Vivado/2023.1/data/xhub/boards/XilinxBoardStore/boards/Xilinx/vcu108/1.6/board.xml as part xcvu095-ffva2104-2-e specified in board_part file is either invalid or not available
WARNING: [Board 49-26] cannot add Board Part xilinx.com:vcu108:part0:1.7 available at D:/Xilinx/Vivado/2023.1/data/xhub/boards/XilinxBoardStore/boards/Xilinx/vcu108/1.7/board.xml as part xcvu095-ffva2104-2-e specified in board_part file is either invalid or not available
WARNING: [Board 49-26] cannot add Board Part xilinx.com:vcu110:part0:1.4 available at D:/Xilinx/Vivado/2023.1/data/xhub/boards/XilinxBoardStore/boards/Xilinx/vcu110/1.4/board.xml as part xcvu190-flgc2104-2-e specified in board_part file is either invalid or not available
WARNING: [Board 49-26] cannot add Board Part xilinx.com:vcu118:part0:2.0 available at D:/Xilinx/Vivado/2023.1/data/xhub/boards/XilinxBoardStore/boards/Xilinx/vcu118/2.0/board.xml as part xcvu9p-flga2104-2l-e specified in board_part file is either invalid or not available
WARNING: [Board 49-26] cannot add Board Part xilinx.com:vcu118:part0:2.3 available at D:/Xilinx/Vivado/2023.1/data/xhub/boards/XilinxBoardStore/boards/Xilinx/vcu118/2.3/board.xml as part xcvu9p-flga2104-2l-e specified in board_part file is either invalid or not available
WARNING: [Board 49-26] cannot add Board Part xilinx.com:vcu118:part0:2.4 available at D:/Xilinx/Vivado/2023.1/data/xhub/boards/XilinxBoardStore/boards/Xilinx/vcu118/2.4/board.xml as part xcvu9p-flga2104-2l-e specified in board_part file is either invalid or not available
WARNING: [Board 49-26] cannot add Board Part xilinx.com:vcu128:part0:1.0 available at D:/Xilinx/Vivado/2023.1/data/xhub/boards/XilinxBoardStore/boards/Xilinx/vcu128/production/1.0/board.xml as part xcvu37p-fsvh2892-2l-e specified in board_part file is either invalid or not available
WARNING: [Board 49-26] cannot add Board Part xilinx.com:vcu129:part0:1.0 available at D:/Xilinx/Vivado/2023.1/data/xhub/boards/XilinxBoardStore/boards/Xilinx/vcu129/production/1.0/board.xml as part xcvu29p-fsga2577-2l-e specified in board_part file is either invalid or not available
WARNING: [Board 49-26] cannot add Board Part xilinx.com:vcu1525:part0:1.3 available at D:/Xilinx/Vivado/2023.1/data/xhub/boards/XilinxBoardStore/boards/Xilinx/vcu1525/1.3/board.xml as part xcvu9p-fsgd2104-2l-e specified in board_part file is either invalid or not available
WARNING: [Board 49-26] cannot add Board Part xilinx.com:vek280_es:part0:1.0 available at D:/Xilinx/Vivado/2023.1/data/xhub/boards/XilinxBoardStore/boards/Xilinx/vek280/es/rev_a/1.0/board.xml as part xcve2802-vsvh1760-2lp-e-s-es1 specified in board_part file is either invalid or not available
WARNING: [Board 49-26] cannot add Board Part xilinx.com:vek280_es:part0:1.1 available at D:/Xilinx/Vivado/2023.1/data/xhub/boards/XilinxBoardStore/boards/Xilinx/vek280/es/rev_a/1.1/board.xml as part xcve2802-vsvh1760-2lp-e-s-es1 specified in board_part file is either invalid or not available
WARNING: [Board 49-26] cannot add Board Part xilinx.com:vek280_es_revb:part0:1.0 available at D:/Xilinx/Vivado/2023.1/data/xhub/boards/XilinxBoardStore/boards/Xilinx/vek280/es/rev_b/1.0/board.xml as part xcve2802-vsvh1760-2mp-e-s-es1 specified in board_part file is either invalid or not available
WARNING: [Board 49-26] cannot add Board Part xilinx.com:vek280_es_revb:part0:1.1 available at D:/Xilinx/Vivado/2023.1/data/xhub/boards/XilinxBoardStore/boards/Xilinx/vek280/es/rev_b/1.1/board.xml as part xcve2802-vsvh1760-2mp-e-s-es1 specified in board_part file is either invalid or not available
WARNING: [Board 49-26] cannot add Board Part xilinx.com:vhk158:part0:1.0 available at D:/Xilinx/Vivado/2023.1/data/xhub/boards/XilinxBoardStore/boards/Xilinx/vhk158/production/1.0/board.xml as part xcvh1582-vsva3697-2mp-e-s specified in board_part file is either invalid or not available
WARNING: [Board 49-26] cannot add Board Part xilinx.com:vhk158_es:part0:1.0 available at D:/Xilinx/Vivado/2023.1/data/xhub/boards/XilinxBoardStore/boards/Xilinx/vhk158/es/1.0/board.xml as part xcvh1582-vsva3697-2mp-e-s-es1 specified in board_part file is either invalid or not available
WARNING: [Board 49-26] cannot add Board Part xilinx.com:vhk158_es:part0:1.1 available at D:/Xilinx/Vivado/2023.1/data/xhub/boards/XilinxBoardStore/boards/Xilinx/vhk158/es/1.1/board.xml as part xcvh1582-vsva3697-2mp-e-s-es1 specified in board_part file is either invalid or not available
WARNING: [Board 49-26] cannot add Board Part xilinx.com:vmk180:part0:2.2 available at D:/Xilinx/Vivado/2023.1/data/xhub/boards/XilinxBoardStore/boards/Xilinx/vmk180/production/2.2/board.xml as part xcvm1802-vsva2197-2mp-e-s specified in board_part file is either invalid or not available
WARNING: [Board 49-26] cannot add Board Part xilinx.com:vmk180:part0:3.0 available at D:/Xilinx/Vivado/2023.1/data/xhub/boards/XilinxBoardStore/boards/Xilinx/vmk180/production/3.0/board.xml as part xcvm1802-vsva2197-2mp-e-s specified in board_part file is either invalid or not available
WARNING: [Board 49-26] cannot add Board Part xilinx.com:vmk180:part0:3.1 available at D:/Xilinx/Vivado/2023.1/data/xhub/boards/XilinxBoardStore/boards/Xilinx/vmk180/production/3.1/board.xml as part xcvm1802-vsva2197-2mp-e-s specified in board_part file is either invalid or not available
WARNING: [Board 49-26] cannot add Board Part xilinx.com:vmk180:part0:3.2 available at D:/Xilinx/Vivado/2023.1/data/xhub/boards/XilinxBoardStore/boards/Xilinx/vmk180/production/3.2/board.xml as part xcvm1802-vsva2197-2mp-e-s specified in board_part file is either invalid or not available
WARNING: [Board 49-26] cannot add Board Part xilinx.com:vmk180_newl:part0:1.0 available at D:/Xilinx/Vivado/2023.1/data/xhub/boards/XilinxBoardStore/boards/Xilinx/vmk180_newl/production/1.0/board.xml as part xcvm1802-vsva2197-2mp-e-s specified in board_part file is either invalid or not available
WARNING: [Board 49-26] cannot add Board Part xilinx.com:vmk180_newl:part0:1.1 available at D:/Xilinx/Vivado/2023.1/data/xhub/boards/XilinxBoardStore/boards/Xilinx/vmk180_newl/production/1.1/board.xml as part xcvm1802-vsva2197-2mp-e-s specified in board_part file is either invalid or not available
WARNING: [Board 49-26] cannot add Board Part xilinx.com:vpk120:part0:1.0 available at D:/Xilinx/Vivado/2023.1/data/xhub/boards/XilinxBoardStore/boards/Xilinx/vpk120/production/1.0/board.xml as part xcvp1202-vsva2785-2mp-e-s specified in board_part file is either invalid or not available
WARNING: [Board 49-26] cannot add Board Part xilinx.com:vpk120:part0:1.1 available at D:/Xilinx/Vivado/2023.1/data/xhub/boards/XilinxBoardStore/boards/Xilinx/vpk120/production/1.1/board.xml as part xcvp1202-vsva2785-2mp-e-s specified in board_part file is either invalid or not available
WARNING: [Board 49-26] cannot add Board Part xilinx.com:vpk120_es:part0:1.2 available at D:/Xilinx/Vivado/2023.1/data/xhub/boards/XilinxBoardStore/boards/Xilinx/vpk120/es/1.2/board.xml as part xcvp1202-vsva2785-2mp-e-s-es1 specified in board_part file is either invalid or not available
WARNING: [Board 49-26] cannot add Board Part xilinx.com:vpk120_es:part0:1.3 available at D:/Xilinx/Vivado/2023.1/data/xhub/boards/XilinxBoardStore/boards/Xilinx/vpk120/es/1.3/board.xml as part xcvp1202-vsva2785-2mp-e-s-es1 specified in board_part file is either invalid or not available
WARNING: [Board 49-26] cannot add Board Part xilinx.com:vpk120_es_revb:part0:1.0 available at D:/Xilinx/Vivado/2023.1/data/xhub/boards/XilinxBoardStore/boards/Xilinx/vpk120_revb/es/1.0/board.xml as part xcvp1202-vsva2785-2mp-e-s-es1 specified in board_part file is either invalid or not available
WARNING: [Board 49-26] cannot add Board Part xilinx.com:vpk120_es_revb:part0:1.1 available at D:/Xilinx/Vivado/2023.1/data/xhub/boards/XilinxBoardStore/boards/Xilinx/vpk120_revb/es/1.1/board.xml as part xcvp1202-vsva2785-2mp-e-s-es1 specified in board_part file is either invalid or not available
WARNING: [Board 49-26] cannot add Board Part xilinx.com:vpk180:part0:1.0 available at D:/Xilinx/Vivado/2023.1/data/xhub/boards/XilinxBoardStore/boards/Xilinx/vpk180/production/1.0/board.xml as part xcvp1802-lsvc4072-2mp-e-s specified in board_part file is either invalid or not available
WARNING: [Board 49-26] cannot add Board Part xilinx.com:vpk180:part0:1.1 available at D:/Xilinx/Vivado/2023.1/data/xhub/boards/XilinxBoardStore/boards/Xilinx/vpk180/production/1.1/board.xml as part xcvp1802-lsvc4072-2mp-e-s specified in board_part file is either invalid or not available
WARNING: [Board 49-26] cannot add Board Part xilinx.com:vpk180_es:part0:1.0 available at D:/Xilinx/Vivado/2023.1/data/xhub/boards/XilinxBoardStore/boards/Xilinx/vpk180/es/1.0/board.xml as part xcvp1802-lsvc4072-2mp-e-s-es1 specified in board_part file is either invalid or not available
WARNING: [Board 49-26] cannot add Board Part xilinx.com:vpk180_es:part0:1.1 available at D:/Xilinx/Vivado/2023.1/data/xhub/boards/XilinxBoardStore/boards/Xilinx/vpk180/es/1.1/board.xml as part xcvp1802-lsvc4072-2mp-e-s-es1 specified in board_part file is either invalid or not available
WARNING: [Board 49-26] cannot add Board Part xilinx.com:zcu208ld:part0:2.0 available at D:/Xilinx/Vivado/2023.1/data/xhub/boards/XilinxBoardStore/boards/Xilinx/zcu208ld/production/2.0/board.xml as part xczu58dr-fsvg1517-2-i specified in board_part file is either invalid or not available
WARNING: [Board 49-26] cannot add Board Part xilinx.com:zcu216ld:part0:2.0 available at D:/Xilinx/Vivado/2023.1/data/xhub/boards/XilinxBoardStore/boards/Xilinx/zcu216ld/production/2.0/board.xml as part xczu59dr-ffvf1760-2-i specified in board_part file is either invalid or not available
WARNING: [Board 49-26] cannot add Board Part xilinx.com:zcu670:part0:2.0 available at D:/Xilinx/Vivado/2023.1/data/xhub/boards/XilinxBoardStore/boards/Xilinx/zcu670/2.0/board.xml as part xczu67dr-fsve1156-2-i specified in board_part file is either invalid or not available
WARNING: [Board 49-26] cannot add Board Part xilinx.com:zcu670ld:part0:1.0 available at D:/Xilinx/Vivado/2023.1/data/xhub/boards/XilinxBoardStore/boards/Xilinx/zcu670ld/1.0/board.xml as part xczu57dr-fsve1156-2-i specified in board_part file is either invalid or not available
INFO: [filemgmt 56-3] Default IP Output Path : Could not find the directory 'C:/Users/marco/OneDrive/Desktop/Projects/Progetti Vivado/NECST/Merge_SortG/Merge_SortG/Merge_SortG.gen/sources_1'.
Scanning sources...
Finished scanning sources
INFO: [IP_Flow 19-234] Refreshing IP repositories
INFO: [IP_Flow 19-1704] No user IP repositories specified
INFO: [IP_Flow 19-2313] Loaded Vivado IP repository 'D:/Xilinx/Vivado/2023.1/data/ip'.
open_project: Time (s): cpu = 00:00:29 ; elapsed = 00:00:17 . Memory (MB): peak = 1410.043 ; gain = 205.426
update_compile_order -fileset sources_1
set_property source_mgmt_mode DisplayOnly [current_project]
export_ip_user_files -of_objects  [get_files {{C:/Users/marco/OneDrive/Desktop/Projects/Progetti Vivado/NECST/Merge_SortG/Merge_SortG/Merge_SortG.srcs/sources_1/new/top_sim.vhd}}] -no_script -reset -force -quiet
remove_files  {{C:/Users/marco/OneDrive/Desktop/Projects/Progetti Vivado/NECST/Merge_SortG/Merge_SortG/Merge_SortG.srcs/sources_1/new/top_sim.vhd}}
set_property top Merge_SortG [current_fileset]
synth_design -rtl -rtl_skip_mlo -name rtl_1
Command: synth_design -rtl -rtl_skip_mlo -name rtl_1
Starting synth_design
Using part: xc7vx485tffg1157-1
Top: Merge_SortG
INFO: [Device 21-403] Loading part xc7vx485tffg1157-1
---------------------------------------------------------------------------------
Starting RTL Elaboration : Time (s): cpu = 00:00:09 ; elapsed = 00:00:10 . Memory (MB): peak = 2418.348 ; gain = 398.238
---------------------------------------------------------------------------------
INFO: [Synth 8-638] synthesizing module 'Merge_SortG' [C:/Users/marco/OneDrive/Desktop/Projects/Progetti Vivado/NECST/Merge_SortG/Merge_SortG/Merge_SortG.srcs/sources_1/new/Merge_SortG.vhd:14]
INFO: [Synth 8-3491] module 'Rgstr' declared at 'C:/Users/marco/OneDrive/Desktop/Projects/Progetti Vivado/NECST/Merge_SortG/Merge_SortG/Merge_SortG.srcs/sources_1/new/Rgstr.vhd:6' bound to instance 'SIPO_REG' of component 'Rgstr' [C:/Users/marco/OneDrive/Desktop/Projects/Progetti Vivado/NECST/Merge_SortG/Merge_SortG/Merge_SortG.srcs/sources_1/new/Merge_SortG.vhd:130]
INFO: [Synth 8-638] synthesizing module 'Rgstr' [C:/Users/marco/OneDrive/Desktop/Projects/Progetti Vivado/NECST/Merge_SortG/Merge_SortG/Merge_SortG.srcs/sources_1/new/Rgstr.vhd:15]
INFO: [Synth 8-256] done synthesizing module 'Rgstr' (0#1) [C:/Users/marco/OneDrive/Desktop/Projects/Progetti Vivado/NECST/Merge_SortG/Merge_SortG/Merge_SortG.srcs/sources_1/new/Rgstr.vhd:15]
INFO: [Synth 8-3491] module 'Rgstr' declared at 'C:/Users/marco/OneDrive/Desktop/Projects/Progetti Vivado/NECST/Merge_SortG/Merge_SortG/Merge_SortG.srcs/sources_1/new/Rgstr.vhd:6' bound to instance 'SIPO_REG' of component 'Rgstr' [C:/Users/marco/OneDrive/Desktop/Projects/Progetti Vivado/NECST/Merge_SortG/Merge_SortG/Merge_SortG.srcs/sources_1/new/Merge_SortG.vhd:141]
INFO: [Synth 8-3491] module 'Rgstr' declared at 'C:/Users/marco/OneDrive/Desktop/Projects/Progetti Vivado/NECST/Merge_SortG/Merge_SortG/Merge_SortG.srcs/sources_1/new/Rgstr.vhd:6' bound to instance 'SIPO_REG' of component 'Rgstr' [C:/Users/marco/OneDrive/Desktop/Projects/Progetti Vivado/NECST/Merge_SortG/Merge_SortG/Merge_SortG.srcs/sources_1/new/Merge_SortG.vhd:141]
INFO: [Synth 8-3491] module 'Rgstr' declared at 'C:/Users/marco/OneDrive/Desktop/Projects/Progetti Vivado/NECST/Merge_SortG/Merge_SortG/Merge_SortG.srcs/sources_1/new/Rgstr.vhd:6' bound to instance 'SIPO_REG' of component 'Rgstr' [C:/Users/marco/OneDrive/Desktop/Projects/Progetti Vivado/NECST/Merge_SortG/Merge_SortG/Merge_SortG.srcs/sources_1/new/Merge_SortG.vhd:141]
INFO: [Synth 8-3491] module 'Rgstr' declared at 'C:/Users/marco/OneDrive/Desktop/Projects/Progetti Vivado/NECST/Merge_SortG/Merge_SortG/Merge_SortG.srcs/sources_1/new/Rgstr.vhd:6' bound to instance 'SIPO_REG' of component 'Rgstr' [C:/Users/marco/OneDrive/Desktop/Projects/Progetti Vivado/NECST/Merge_SortG/Merge_SortG/Merge_SortG.srcs/sources_1/new/Merge_SortG.vhd:141]
INFO: [Synth 8-3491] module 'Rgstr' declared at 'C:/Users/marco/OneDrive/Desktop/Projects/Progetti Vivado/NECST/Merge_SortG/Merge_SortG/Merge_SortG.srcs/sources_1/new/Rgstr.vhd:6' bound to instance 'SIPO_REG' of component 'Rgstr' [C:/Users/marco/OneDrive/Desktop/Projects/Progetti Vivado/NECST/Merge_SortG/Merge_SortG/Merge_SortG.srcs/sources_1/new/Merge_SortG.vhd:141]
INFO: [Synth 8-3491] module 'Rgstr' declared at 'C:/Users/marco/OneDrive/Desktop/Projects/Progetti Vivado/NECST/Merge_SortG/Merge_SortG/Merge_SortG.srcs/sources_1/new/Rgstr.vhd:6' bound to instance 'SIPO_REG' of component 'Rgstr' [C:/Users/marco/OneDrive/Desktop/Projects/Progetti Vivado/NECST/Merge_SortG/Merge_SortG/Merge_SortG.srcs/sources_1/new/Merge_SortG.vhd:141]
INFO: [Synth 8-3491] module 'Rgstr' declared at 'C:/Users/marco/OneDrive/Desktop/Projects/Progetti Vivado/NECST/Merge_SortG/Merge_SortG/Merge_SortG.srcs/sources_1/new/Rgstr.vhd:6' bound to instance 'SIPO_REG' of component 'Rgstr' [C:/Users/marco/OneDrive/Desktop/Projects/Progetti Vivado/NECST/Merge_SortG/Merge_SortG/Merge_SortG.srcs/sources_1/new/Merge_SortG.vhd:141]
INFO: [Synth 8-3491] module 'Rgstr' declared at 'C:/Users/marco/OneDrive/Desktop/Projects/Progetti Vivado/NECST/Merge_SortG/Merge_SortG/Merge_SortG.srcs/sources_1/new/Rgstr.vhd:6' bound to instance 'WAIT_REG' of component 'Rgstr' [C:/Users/marco/OneDrive/Desktop/Projects/Progetti Vivado/NECST/Merge_SortG/Merge_SortG/Merge_SortG.srcs/sources_1/new/Merge_SortG.vhd:157]
INFO: [Synth 8-3491] module 'Rgstr' declared at 'C:/Users/marco/OneDrive/Desktop/Projects/Progetti Vivado/NECST/Merge_SortG/Merge_SortG/Merge_SortG.srcs/sources_1/new/Rgstr.vhd:6' bound to instance 'WAIT_REG' of component 'Rgstr' [C:/Users/marco/OneDrive/Desktop/Projects/Progetti Vivado/NECST/Merge_SortG/Merge_SortG/Merge_SortG.srcs/sources_1/new/Merge_SortG.vhd:157]
INFO: [Synth 8-3491] module 'Rgstr' declared at 'C:/Users/marco/OneDrive/Desktop/Projects/Progetti Vivado/NECST/Merge_SortG/Merge_SortG/Merge_SortG.srcs/sources_1/new/Rgstr.vhd:6' bound to instance 'WAIT_REG' of component 'Rgstr' [C:/Users/marco/OneDrive/Desktop/Projects/Progetti Vivado/NECST/Merge_SortG/Merge_SortG/Merge_SortG.srcs/sources_1/new/Merge_SortG.vhd:157]
INFO: [Synth 8-3491] module 'Rgstr' declared at 'C:/Users/marco/OneDrive/Desktop/Projects/Progetti Vivado/NECST/Merge_SortG/Merge_SortG/Merge_SortG.srcs/sources_1/new/Rgstr.vhd:6' bound to instance 'WAIT_REG' of component 'Rgstr' [C:/Users/marco/OneDrive/Desktop/Projects/Progetti Vivado/NECST/Merge_SortG/Merge_SortG/Merge_SortG.srcs/sources_1/new/Merge_SortG.vhd:157]
INFO: [Synth 8-3491] module 'Rgstr' declared at 'C:/Users/marco/OneDrive/Desktop/Projects/Progetti Vivado/NECST/Merge_SortG/Merge_SortG/Merge_SortG.srcs/sources_1/new/Rgstr.vhd:6' bound to instance 'WAIT_REG' of component 'Rgstr' [C:/Users/marco/OneDrive/Desktop/Projects/Progetti Vivado/NECST/Merge_SortG/Merge_SortG/Merge_SortG.srcs/sources_1/new/Merge_SortG.vhd:157]
INFO: [Synth 8-3491] module 'Rgstr' declared at 'C:/Users/marco/OneDrive/Desktop/Projects/Progetti Vivado/NECST/Merge_SortG/Merge_SortG/Merge_SortG.srcs/sources_1/new/Rgstr.vhd:6' bound to instance 'WAIT_REG' of component 'Rgstr' [C:/Users/marco/OneDrive/Desktop/Projects/Progetti Vivado/NECST/Merge_SortG/Merge_SortG/Merge_SortG.srcs/sources_1/new/Merge_SortG.vhd:157]
INFO: [Synth 8-3491] module 'Rgstr' declared at 'C:/Users/marco/OneDrive/Desktop/Projects/Progetti Vivado/NECST/Merge_SortG/Merge_SortG/Merge_SortG.srcs/sources_1/new/Rgstr.vhd:6' bound to instance 'WAIT_REG' of component 'Rgstr' [C:/Users/marco/OneDrive/Desktop/Projects/Progetti Vivado/NECST/Merge_SortG/Merge_SortG/Merge_SortG.srcs/sources_1/new/Merge_SortG.vhd:157]
INFO: [Synth 8-3491] module 'Rgstr' declared at 'C:/Users/marco/OneDrive/Desktop/Projects/Progetti Vivado/NECST/Merge_SortG/Merge_SortG/Merge_SortG.srcs/sources_1/new/Rgstr.vhd:6' bound to instance 'WAIT_REG' of component 'Rgstr' [C:/Users/marco/OneDrive/Desktop/Projects/Progetti Vivado/NECST/Merge_SortG/Merge_SortG/Merge_SortG.srcs/sources_1/new/Merge_SortG.vhd:157]
INFO: [Synth 8-637] synthesizing blackbox instance 'level1_1' of component 'Merge_1' [C:/Users/marco/OneDrive/Desktop/Projects/Progetti Vivado/NECST/Merge_SortG/Merge_SortG/Merge_SortG.srcs/sources_1/new/Merge_SortG.vhd:172]
INFO: [Synth 8-637] synthesizing blackbox instance 'level1_1' of component 'Merge_1' [C:/Users/marco/OneDrive/Desktop/Projects/Progetti Vivado/NECST/Merge_SortG/Merge_SortG/Merge_SortG.srcs/sources_1/new/Merge_SortG.vhd:172]
INFO: [Synth 8-637] synthesizing blackbox instance 'level1_1' of component 'Merge_1' [C:/Users/marco/OneDrive/Desktop/Projects/Progetti Vivado/NECST/Merge_SortG/Merge_SortG/Merge_SortG.srcs/sources_1/new/Merge_SortG.vhd:172]
INFO: [Synth 8-637] synthesizing blackbox instance 'level1_1' of component 'Merge_1' [C:/Users/marco/OneDrive/Desktop/Projects/Progetti Vivado/NECST/Merge_SortG/Merge_SortG/Merge_SortG.srcs/sources_1/new/Merge_SortG.vhd:172]
INFO: [Synth 8-256] done synthesizing module 'Merge_SortG' (0#1) [C:/Users/marco/OneDrive/Desktop/Projects/Progetti Vivado/NECST/Merge_SortG/Merge_SortG/Merge_SortG.srcs/sources_1/new/Merge_SortG.vhd:14]
---------------------------------------------------------------------------------
Finished RTL Elaboration : Time (s): cpu = 00:00:12 ; elapsed = 00:00:14 . Memory (MB): peak = 2543.965 ; gain = 523.855
---------------------------------------------------------------------------------
CRITICAL WARNING: [Synth 8-6859] multi-driven net on pin output[31] with 1st driver pin 'level1_for[0].level1_if.level1_1/out_1[31]' [C:/Users/marco/OneDrive/Desktop/Projects/Progetti Vivado/NECST/Merge_SortG/Merge_SortG/Merge_SortG.srcs/sources_1/new/Merge_SortG.vhd:172]
CRITICAL WARNING: [Synth 8-6859] multi-driven net on pin output[31] with 2nd driver pin 'level1_for[0].level1_if.level1_1/out_2[31]' [C:/Users/marco/OneDrive/Desktop/Projects/Progetti Vivado/NECST/Merge_SortG/Merge_SortG/Merge_SortG.srcs/sources_1/new/Merge_SortG.vhd:172]
CRITICAL WARNING: [Synth 8-6859] multi-driven net on pin output[31] with 3rd driver pin 'level1_for[2].level1_if.level1_1/out_1[31]' [C:/Users/marco/OneDrive/Desktop/Projects/Progetti Vivado/NECST/Merge_SortG/Merge_SortG/Merge_SortG.srcs/sources_1/new/Merge_SortG.vhd:172]
CRITICAL WARNING: [Synth 8-6859] multi-driven net on pin output[31] with 4th driver pin 'level1_for[2].level1_if.level1_1/out_2[31]' [C:/Users/marco/OneDrive/Desktop/Projects/Progetti Vivado/NECST/Merge_SortG/Merge_SortG/Merge_SortG.srcs/sources_1/new/Merge_SortG.vhd:172]
CRITICAL WARNING: [Synth 8-6859] multi-driven net on pin output[31] with 5th driver pin 'level1_for[4].level1_if.level1_1/out_1[31]' [C:/Users/marco/OneDrive/Desktop/Projects/Progetti Vivado/NECST/Merge_SortG/Merge_SortG/Merge_SortG.srcs/sources_1/new/Merge_SortG.vhd:172]
CRITICAL WARNING: [Synth 8-6859] multi-driven net on pin output[31] with 6th driver pin 'level1_for[4].level1_if.level1_1/out_2[31]' [C:/Users/marco/OneDrive/Desktop/Projects/Progetti Vivado/NECST/Merge_SortG/Merge_SortG/Merge_SortG.srcs/sources_1/new/Merge_SortG.vhd:172]
CRITICAL WARNING: [Synth 8-6859] multi-driven net on pin output[31] with 7th driver pin 'level1_for[6].level1_if.level1_1/out_1[31]' [C:/Users/marco/OneDrive/Desktop/Projects/Progetti Vivado/NECST/Merge_SortG/Merge_SortG/Merge_SortG.srcs/sources_1/new/Merge_SortG.vhd:172]
CRITICAL WARNING: [Synth 8-6859] multi-driven net on pin output[31] with 8th driver pin 'level1_for[6].level1_if.level1_1/out_2[31]' [C:/Users/marco/OneDrive/Desktop/Projects/Progetti Vivado/NECST/Merge_SortG/Merge_SortG/Merge_SortG.srcs/sources_1/new/Merge_SortG.vhd:172]
CRITICAL WARNING: [Synth 8-6859] multi-driven net on pin output[30] with 1st driver pin 'level1_for[0].level1_if.level1_1/out_1[30]' [C:/Users/marco/OneDrive/Desktop/Projects/Progetti Vivado/NECST/Merge_SortG/Merge_SortG/Merge_SortG.srcs/sources_1/new/Merge_SortG.vhd:172]
CRITICAL WARNING: [Synth 8-6859] multi-driven net on pin output[30] with 2nd driver pin 'level1_for[0].level1_if.level1_1/out_2[30]' [C:/Users/marco/OneDrive/Desktop/Projects/Progetti Vivado/NECST/Merge_SortG/Merge_SortG/Merge_SortG.srcs/sources_1/new/Merge_SortG.vhd:172]
CRITICAL WARNING: [Synth 8-6859] multi-driven net on pin output[30] with 3rd driver pin 'level1_for[2].level1_if.level1_1/out_1[30]' [C:/Users/marco/OneDrive/Desktop/Projects/Progetti Vivado/NECST/Merge_SortG/Merge_SortG/Merge_SortG.srcs/sources_1/new/Merge_SortG.vhd:172]
CRITICAL WARNING: [Synth 8-6859] multi-driven net on pin output[30] with 4th driver pin 'level1_for[2].level1_if.level1_1/out_2[30]' [C:/Users/marco/OneDrive/Desktop/Projects/Progetti Vivado/NECST/Merge_SortG/Merge_SortG/Merge_SortG.srcs/sources_1/new/Merge_SortG.vhd:172]
CRITICAL WARNING: [Synth 8-6859] multi-driven net on pin output[30] with 5th driver pin 'level1_for[4].level1_if.level1_1/out_1[30]' [C:/Users/marco/OneDrive/Desktop/Projects/Progetti Vivado/NECST/Merge_SortG/Merge_SortG/Merge_SortG.srcs/sources_1/new/Merge_SortG.vhd:172]
CRITICAL WARNING: [Synth 8-6859] multi-driven net on pin output[30] with 6th driver pin 'level1_for[4].level1_if.level1_1/out_2[30]' [C:/Users/marco/OneDrive/Desktop/Projects/Progetti Vivado/NECST/Merge_SortG/Merge_SortG/Merge_SortG.srcs/sources_1/new/Merge_SortG.vhd:172]
CRITICAL WARNING: [Synth 8-6859] multi-driven net on pin output[30] with 7th driver pin 'level1_for[6].level1_if.level1_1/out_1[30]' [C:/Users/marco/OneDrive/Desktop/Projects/Progetti Vivado/NECST/Merge_SortG/Merge_SortG/Merge_SortG.srcs/sources_1/new/Merge_SortG.vhd:172]
CRITICAL WARNING: [Synth 8-6859] multi-driven net on pin output[30] with 8th driver pin 'level1_for[6].level1_if.level1_1/out_2[30]' [C:/Users/marco/OneDrive/Desktop/Projects/Progetti Vivado/NECST/Merge_SortG/Merge_SortG/Merge_SortG.srcs/sources_1/new/Merge_SortG.vhd:172]
CRITICAL WARNING: [Synth 8-6859] multi-driven net on pin output[29] with 1st driver pin 'level1_for[0].level1_if.level1_1/out_1[29]' [C:/Users/marco/OneDrive/Desktop/Projects/Progetti Vivado/NECST/Merge_SortG/Merge_SortG/Merge_SortG.srcs/sources_1/new/Merge_SortG.vhd:172]
CRITICAL WARNING: [Synth 8-6859] multi-driven net on pin output[29] with 2nd driver pin 'level1_for[0].level1_if.level1_1/out_2[29]' [C:/Users/marco/OneDrive/Desktop/Projects/Progetti Vivado/NECST/Merge_SortG/Merge_SortG/Merge_SortG.srcs/sources_1/new/Merge_SortG.vhd:172]
CRITICAL WARNING: [Synth 8-6859] multi-driven net on pin output[29] with 3rd driver pin 'level1_for[2].level1_if.level1_1/out_1[29]' [C:/Users/marco/OneDrive/Desktop/Projects/Progetti Vivado/NECST/Merge_SortG/Merge_SortG/Merge_SortG.srcs/sources_1/new/Merge_SortG.vhd:172]
CRITICAL WARNING: [Synth 8-6859] multi-driven net on pin output[29] with 4th driver pin 'level1_for[2].level1_if.level1_1/out_2[29]' [C:/Users/marco/OneDrive/Desktop/Projects/Progetti Vivado/NECST/Merge_SortG/Merge_SortG/Merge_SortG.srcs/sources_1/new/Merge_SortG.vhd:172]
CRITICAL WARNING: [Synth 8-6859] multi-driven net on pin output[29] with 5th driver pin 'level1_for[4].level1_if.level1_1/out_1[29]' [C:/Users/marco/OneDrive/Desktop/Projects/Progetti Vivado/NECST/Merge_SortG/Merge_SortG/Merge_SortG.srcs/sources_1/new/Merge_SortG.vhd:172]
CRITICAL WARNING: [Synth 8-6859] multi-driven net on pin output[29] with 6th driver pin 'level1_for[4].level1_if.level1_1/out_2[29]' [C:/Users/marco/OneDrive/Desktop/Projects/Progetti Vivado/NECST/Merge_SortG/Merge_SortG/Merge_SortG.srcs/sources_1/new/Merge_SortG.vhd:172]
CRITICAL WARNING: [Synth 8-6859] multi-driven net on pin output[29] with 7th driver pin 'level1_for[6].level1_if.level1_1/out_1[29]' [C:/Users/marco/OneDrive/Desktop/Projects/Progetti Vivado/NECST/Merge_SortG/Merge_SortG/Merge_SortG.srcs/sources_1/new/Merge_SortG.vhd:172]
CRITICAL WARNING: [Synth 8-6859] multi-driven net on pin output[29] with 8th driver pin 'level1_for[6].level1_if.level1_1/out_2[29]' [C:/Users/marco/OneDrive/Desktop/Projects/Progetti Vivado/NECST/Merge_SortG/Merge_SortG/Merge_SortG.srcs/sources_1/new/Merge_SortG.vhd:172]
CRITICAL WARNING: [Synth 8-6859] multi-driven net on pin output[28] with 1st driver pin 'level1_for[0].level1_if.level1_1/out_1[28]' [C:/Users/marco/OneDrive/Desktop/Projects/Progetti Vivado/NECST/Merge_SortG/Merge_SortG/Merge_SortG.srcs/sources_1/new/Merge_SortG.vhd:172]
CRITICAL WARNING: [Synth 8-6859] multi-driven net on pin output[28] with 2nd driver pin 'level1_for[0].level1_if.level1_1/out_2[28]' [C:/Users/marco/OneDrive/Desktop/Projects/Progetti Vivado/NECST/Merge_SortG/Merge_SortG/Merge_SortG.srcs/sources_1/new/Merge_SortG.vhd:172]
CRITICAL WARNING: [Synth 8-6859] multi-driven net on pin output[28] with 3rd driver pin 'level1_for[2].level1_if.level1_1/out_1[28]' [C:/Users/marco/OneDrive/Desktop/Projects/Progetti Vivado/NECST/Merge_SortG/Merge_SortG/Merge_SortG.srcs/sources_1/new/Merge_SortG.vhd:172]
CRITICAL WARNING: [Synth 8-6859] multi-driven net on pin output[28] with 4th driver pin 'level1_for[2].level1_if.level1_1/out_2[28]' [C:/Users/marco/OneDrive/Desktop/Projects/Progetti Vivado/NECST/Merge_SortG/Merge_SortG/Merge_SortG.srcs/sources_1/new/Merge_SortG.vhd:172]
CRITICAL WARNING: [Synth 8-6859] multi-driven net on pin output[28] with 5th driver pin 'level1_for[4].level1_if.level1_1/out_1[28]' [C:/Users/marco/OneDrive/Desktop/Projects/Progetti Vivado/NECST/Merge_SortG/Merge_SortG/Merge_SortG.srcs/sources_1/new/Merge_SortG.vhd:172]
CRITICAL WARNING: [Synth 8-6859] multi-driven net on pin output[28] with 6th driver pin 'level1_for[4].level1_if.level1_1/out_2[28]' [C:/Users/marco/OneDrive/Desktop/Projects/Progetti Vivado/NECST/Merge_SortG/Merge_SortG/Merge_SortG.srcs/sources_1/new/Merge_SortG.vhd:172]
CRITICAL WARNING: [Synth 8-6859] multi-driven net on pin output[28] with 7th driver pin 'level1_for[6].level1_if.level1_1/out_1[28]' [C:/Users/marco/OneDrive/Desktop/Projects/Progetti Vivado/NECST/Merge_SortG/Merge_SortG/Merge_SortG.srcs/sources_1/new/Merge_SortG.vhd:172]
CRITICAL WARNING: [Synth 8-6859] multi-driven net on pin output[28] with 8th driver pin 'level1_for[6].level1_if.level1_1/out_2[28]' [C:/Users/marco/OneDrive/Desktop/Projects/Progetti Vivado/NECST/Merge_SortG/Merge_SortG/Merge_SortG.srcs/sources_1/new/Merge_SortG.vhd:172]
CRITICAL WARNING: [Synth 8-6859] multi-driven net on pin output[27] with 1st driver pin 'level1_for[0].level1_if.level1_1/out_1[27]' [C:/Users/marco/OneDrive/Desktop/Projects/Progetti Vivado/NECST/Merge_SortG/Merge_SortG/Merge_SortG.srcs/sources_1/new/Merge_SortG.vhd:172]
CRITICAL WARNING: [Synth 8-6859] multi-driven net on pin output[27] with 2nd driver pin 'level1_for[0].level1_if.level1_1/out_2[27]' [C:/Users/marco/OneDrive/Desktop/Projects/Progetti Vivado/NECST/Merge_SortG/Merge_SortG/Merge_SortG.srcs/sources_1/new/Merge_SortG.vhd:172]
CRITICAL WARNING: [Synth 8-6859] multi-driven net on pin output[27] with 3rd driver pin 'level1_for[2].level1_if.level1_1/out_1[27]' [C:/Users/marco/OneDrive/Desktop/Projects/Progetti Vivado/NECST/Merge_SortG/Merge_SortG/Merge_SortG.srcs/sources_1/new/Merge_SortG.vhd:172]
CRITICAL WARNING: [Synth 8-6859] multi-driven net on pin output[27] with 4th driver pin 'level1_for[2].level1_if.level1_1/out_2[27]' [C:/Users/marco/OneDrive/Desktop/Projects/Progetti Vivado/NECST/Merge_SortG/Merge_SortG/Merge_SortG.srcs/sources_1/new/Merge_SortG.vhd:172]
CRITICAL WARNING: [Synth 8-6859] multi-driven net on pin output[27] with 5th driver pin 'level1_for[4].level1_if.level1_1/out_1[27]' [C:/Users/marco/OneDrive/Desktop/Projects/Progetti Vivado/NECST/Merge_SortG/Merge_SortG/Merge_SortG.srcs/sources_1/new/Merge_SortG.vhd:172]
CRITICAL WARNING: [Synth 8-6859] multi-driven net on pin output[27] with 6th driver pin 'level1_for[4].level1_if.level1_1/out_2[27]' [C:/Users/marco/OneDrive/Desktop/Projects/Progetti Vivado/NECST/Merge_SortG/Merge_SortG/Merge_SortG.srcs/sources_1/new/Merge_SortG.vhd:172]
CRITICAL WARNING: [Synth 8-6859] multi-driven net on pin output[27] with 7th driver pin 'level1_for[6].level1_if.level1_1/out_1[27]' [C:/Users/marco/OneDrive/Desktop/Projects/Progetti Vivado/NECST/Merge_SortG/Merge_SortG/Merge_SortG.srcs/sources_1/new/Merge_SortG.vhd:172]
CRITICAL WARNING: [Synth 8-6859] multi-driven net on pin output[27] with 8th driver pin 'level1_for[6].level1_if.level1_1/out_2[27]' [C:/Users/marco/OneDrive/Desktop/Projects/Progetti Vivado/NECST/Merge_SortG/Merge_SortG/Merge_SortG.srcs/sources_1/new/Merge_SortG.vhd:172]
CRITICAL WARNING: [Synth 8-6859] multi-driven net on pin output[26] with 1st driver pin 'level1_for[0].level1_if.level1_1/out_1[26]' [C:/Users/marco/OneDrive/Desktop/Projects/Progetti Vivado/NECST/Merge_SortG/Merge_SortG/Merge_SortG.srcs/sources_1/new/Merge_SortG.vhd:172]
CRITICAL WARNING: [Synth 8-6859] multi-driven net on pin output[26] with 2nd driver pin 'level1_for[0].level1_if.level1_1/out_2[26]' [C:/Users/marco/OneDrive/Desktop/Projects/Progetti Vivado/NECST/Merge_SortG/Merge_SortG/Merge_SortG.srcs/sources_1/new/Merge_SortG.vhd:172]
CRITICAL WARNING: [Synth 8-6859] multi-driven net on pin output[26] with 3rd driver pin 'level1_for[2].level1_if.level1_1/out_1[26]' [C:/Users/marco/OneDrive/Desktop/Projects/Progetti Vivado/NECST/Merge_SortG/Merge_SortG/Merge_SortG.srcs/sources_1/new/Merge_SortG.vhd:172]
CRITICAL WARNING: [Synth 8-6859] multi-driven net on pin output[26] with 4th driver pin 'level1_for[2].level1_if.level1_1/out_2[26]' [C:/Users/marco/OneDrive/Desktop/Projects/Progetti Vivado/NECST/Merge_SortG/Merge_SortG/Merge_SortG.srcs/sources_1/new/Merge_SortG.vhd:172]
CRITICAL WARNING: [Synth 8-6859] multi-driven net on pin output[26] with 5th driver pin 'level1_for[4].level1_if.level1_1/out_1[26]' [C:/Users/marco/OneDrive/Desktop/Projects/Progetti Vivado/NECST/Merge_SortG/Merge_SortG/Merge_SortG.srcs/sources_1/new/Merge_SortG.vhd:172]
CRITICAL WARNING: [Synth 8-6859] multi-driven net on pin output[26] with 6th driver pin 'level1_for[4].level1_if.level1_1/out_2[26]' [C:/Users/marco/OneDrive/Desktop/Projects/Progetti Vivado/NECST/Merge_SortG/Merge_SortG/Merge_SortG.srcs/sources_1/new/Merge_SortG.vhd:172]
CRITICAL WARNING: [Synth 8-6859] multi-driven net on pin output[26] with 7th driver pin 'level1_for[6].level1_if.level1_1/out_1[26]' [C:/Users/marco/OneDrive/Desktop/Projects/Progetti Vivado/NECST/Merge_SortG/Merge_SortG/Merge_SortG.srcs/sources_1/new/Merge_SortG.vhd:172]
CRITICAL WARNING: [Synth 8-6859] multi-driven net on pin output[26] with 8th driver pin 'level1_for[6].level1_if.level1_1/out_2[26]' [C:/Users/marco/OneDrive/Desktop/Projects/Progetti Vivado/NECST/Merge_SortG/Merge_SortG/Merge_SortG.srcs/sources_1/new/Merge_SortG.vhd:172]
CRITICAL WARNING: [Synth 8-6859] multi-driven net on pin output[25] with 1st driver pin 'level1_for[0].level1_if.level1_1/out_1[25]' [C:/Users/marco/OneDrive/Desktop/Projects/Progetti Vivado/NECST/Merge_SortG/Merge_SortG/Merge_SortG.srcs/sources_1/new/Merge_SortG.vhd:172]
CRITICAL WARNING: [Synth 8-6859] multi-driven net on pin output[25] with 2nd driver pin 'level1_for[0].level1_if.level1_1/out_2[25]' [C:/Users/marco/OneDrive/Desktop/Projects/Progetti Vivado/NECST/Merge_SortG/Merge_SortG/Merge_SortG.srcs/sources_1/new/Merge_SortG.vhd:172]
CRITICAL WARNING: [Synth 8-6859] multi-driven net on pin output[25] with 3rd driver pin 'level1_for[2].level1_if.level1_1/out_1[25]' [C:/Users/marco/OneDrive/Desktop/Projects/Progetti Vivado/NECST/Merge_SortG/Merge_SortG/Merge_SortG.srcs/sources_1/new/Merge_SortG.vhd:172]
CRITICAL WARNING: [Synth 8-6859] multi-driven net on pin output[25] with 4th driver pin 'level1_for[2].level1_if.level1_1/out_2[25]' [C:/Users/marco/OneDrive/Desktop/Projects/Progetti Vivado/NECST/Merge_SortG/Merge_SortG/Merge_SortG.srcs/sources_1/new/Merge_SortG.vhd:172]
CRITICAL WARNING: [Synth 8-6859] multi-driven net on pin output[25] with 5th driver pin 'level1_for[4].level1_if.level1_1/out_1[25]' [C:/Users/marco/OneDrive/Desktop/Projects/Progetti Vivado/NECST/Merge_SortG/Merge_SortG/Merge_SortG.srcs/sources_1/new/Merge_SortG.vhd:172]
CRITICAL WARNING: [Synth 8-6859] multi-driven net on pin output[25] with 6th driver pin 'level1_for[4].level1_if.level1_1/out_2[25]' [C:/Users/marco/OneDrive/Desktop/Projects/Progetti Vivado/NECST/Merge_SortG/Merge_SortG/Merge_SortG.srcs/sources_1/new/Merge_SortG.vhd:172]
CRITICAL WARNING: [Synth 8-6859] multi-driven net on pin output[25] with 7th driver pin 'level1_for[6].level1_if.level1_1/out_1[25]' [C:/Users/marco/OneDrive/Desktop/Projects/Progetti Vivado/NECST/Merge_SortG/Merge_SortG/Merge_SortG.srcs/sources_1/new/Merge_SortG.vhd:172]
CRITICAL WARNING: [Synth 8-6859] multi-driven net on pin output[25] with 8th driver pin 'level1_for[6].level1_if.level1_1/out_2[25]' [C:/Users/marco/OneDrive/Desktop/Projects/Progetti Vivado/NECST/Merge_SortG/Merge_SortG/Merge_SortG.srcs/sources_1/new/Merge_SortG.vhd:172]
CRITICAL WARNING: [Synth 8-6859] multi-driven net on pin output[24] with 1st driver pin 'level1_for[0].level1_if.level1_1/out_1[24]' [C:/Users/marco/OneDrive/Desktop/Projects/Progetti Vivado/NECST/Merge_SortG/Merge_SortG/Merge_SortG.srcs/sources_1/new/Merge_SortG.vhd:172]
CRITICAL WARNING: [Synth 8-6859] multi-driven net on pin output[24] with 2nd driver pin 'level1_for[0].level1_if.level1_1/out_2[24]' [C:/Users/marco/OneDrive/Desktop/Projects/Progetti Vivado/NECST/Merge_SortG/Merge_SortG/Merge_SortG.srcs/sources_1/new/Merge_SortG.vhd:172]
CRITICAL WARNING: [Synth 8-6859] multi-driven net on pin output[24] with 3rd driver pin 'level1_for[2].level1_if.level1_1/out_1[24]' [C:/Users/marco/OneDrive/Desktop/Projects/Progetti Vivado/NECST/Merge_SortG/Merge_SortG/Merge_SortG.srcs/sources_1/new/Merge_SortG.vhd:172]
CRITICAL WARNING: [Synth 8-6859] multi-driven net on pin output[24] with 4th driver pin 'level1_for[2].level1_if.level1_1/out_2[24]' [C:/Users/marco/OneDrive/Desktop/Projects/Progetti Vivado/NECST/Merge_SortG/Merge_SortG/Merge_SortG.srcs/sources_1/new/Merge_SortG.vhd:172]
CRITICAL WARNING: [Synth 8-6859] multi-driven net on pin output[24] with 5th driver pin 'level1_for[4].level1_if.level1_1/out_1[24]' [C:/Users/marco/OneDrive/Desktop/Projects/Progetti Vivado/NECST/Merge_SortG/Merge_SortG/Merge_SortG.srcs/sources_1/new/Merge_SortG.vhd:172]
CRITICAL WARNING: [Synth 8-6859] multi-driven net on pin output[24] with 6th driver pin 'level1_for[4].level1_if.level1_1/out_2[24]' [C:/Users/marco/OneDrive/Desktop/Projects/Progetti Vivado/NECST/Merge_SortG/Merge_SortG/Merge_SortG.srcs/sources_1/new/Merge_SortG.vhd:172]
CRITICAL WARNING: [Synth 8-6859] multi-driven net on pin output[24] with 7th driver pin 'level1_for[6].level1_if.level1_1/out_1[24]' [C:/Users/marco/OneDrive/Desktop/Projects/Progetti Vivado/NECST/Merge_SortG/Merge_SortG/Merge_SortG.srcs/sources_1/new/Merge_SortG.vhd:172]
CRITICAL WARNING: [Synth 8-6859] multi-driven net on pin output[24] with 8th driver pin 'level1_for[6].level1_if.level1_1/out_2[24]' [C:/Users/marco/OneDrive/Desktop/Projects/Progetti Vivado/NECST/Merge_SortG/Merge_SortG/Merge_SortG.srcs/sources_1/new/Merge_SortG.vhd:172]
CRITICAL WARNING: [Synth 8-6859] multi-driven net on pin output[23] with 1st driver pin 'level1_for[0].level1_if.level1_1/out_1[23]' [C:/Users/marco/OneDrive/Desktop/Projects/Progetti Vivado/NECST/Merge_SortG/Merge_SortG/Merge_SortG.srcs/sources_1/new/Merge_SortG.vhd:172]
CRITICAL WARNING: [Synth 8-6859] multi-driven net on pin output[23] with 2nd driver pin 'level1_for[0].level1_if.level1_1/out_2[23]' [C:/Users/marco/OneDrive/Desktop/Projects/Progetti Vivado/NECST/Merge_SortG/Merge_SortG/Merge_SortG.srcs/sources_1/new/Merge_SortG.vhd:172]
CRITICAL WARNING: [Synth 8-6859] multi-driven net on pin output[23] with 3rd driver pin 'level1_for[2].level1_if.level1_1/out_1[23]' [C:/Users/marco/OneDrive/Desktop/Projects/Progetti Vivado/NECST/Merge_SortG/Merge_SortG/Merge_SortG.srcs/sources_1/new/Merge_SortG.vhd:172]
CRITICAL WARNING: [Synth 8-6859] multi-driven net on pin output[23] with 4th driver pin 'level1_for[2].level1_if.level1_1/out_2[23]' [C:/Users/marco/OneDrive/Desktop/Projects/Progetti Vivado/NECST/Merge_SortG/Merge_SortG/Merge_SortG.srcs/sources_1/new/Merge_SortG.vhd:172]
CRITICAL WARNING: [Synth 8-6859] multi-driven net on pin output[23] with 5th driver pin 'level1_for[4].level1_if.level1_1/out_1[23]' [C:/Users/marco/OneDrive/Desktop/Projects/Progetti Vivado/NECST/Merge_SortG/Merge_SortG/Merge_SortG.srcs/sources_1/new/Merge_SortG.vhd:172]
CRITICAL WARNING: [Synth 8-6859] multi-driven net on pin output[23] with 6th driver pin 'level1_for[4].level1_if.level1_1/out_2[23]' [C:/Users/marco/OneDrive/Desktop/Projects/Progetti Vivado/NECST/Merge_SortG/Merge_SortG/Merge_SortG.srcs/sources_1/new/Merge_SortG.vhd:172]
CRITICAL WARNING: [Synth 8-6859] multi-driven net on pin output[23] with 7th driver pin 'level1_for[6].level1_if.level1_1/out_1[23]' [C:/Users/marco/OneDrive/Desktop/Projects/Progetti Vivado/NECST/Merge_SortG/Merge_SortG/Merge_SortG.srcs/sources_1/new/Merge_SortG.vhd:172]
CRITICAL WARNING: [Synth 8-6859] multi-driven net on pin output[23] with 8th driver pin 'level1_for[6].level1_if.level1_1/out_2[23]' [C:/Users/marco/OneDrive/Desktop/Projects/Progetti Vivado/NECST/Merge_SortG/Merge_SortG/Merge_SortG.srcs/sources_1/new/Merge_SortG.vhd:172]
CRITICAL WARNING: [Synth 8-6859] multi-driven net on pin output[22] with 1st driver pin 'level1_for[0].level1_if.level1_1/out_1[22]' [C:/Users/marco/OneDrive/Desktop/Projects/Progetti Vivado/NECST/Merge_SortG/Merge_SortG/Merge_SortG.srcs/sources_1/new/Merge_SortG.vhd:172]
CRITICAL WARNING: [Synth 8-6859] multi-driven net on pin output[22] with 2nd driver pin 'level1_for[0].level1_if.level1_1/out_2[22]' [C:/Users/marco/OneDrive/Desktop/Projects/Progetti Vivado/NECST/Merge_SortG/Merge_SortG/Merge_SortG.srcs/sources_1/new/Merge_SortG.vhd:172]
CRITICAL WARNING: [Synth 8-6859] multi-driven net on pin output[22] with 3rd driver pin 'level1_for[2].level1_if.level1_1/out_1[22]' [C:/Users/marco/OneDrive/Desktop/Projects/Progetti Vivado/NECST/Merge_SortG/Merge_SortG/Merge_SortG.srcs/sources_1/new/Merge_SortG.vhd:172]
CRITICAL WARNING: [Synth 8-6859] multi-driven net on pin output[22] with 4th driver pin 'level1_for[2].level1_if.level1_1/out_2[22]' [C:/Users/marco/OneDrive/Desktop/Projects/Progetti Vivado/NECST/Merge_SortG/Merge_SortG/Merge_SortG.srcs/sources_1/new/Merge_SortG.vhd:172]
CRITICAL WARNING: [Synth 8-6859] multi-driven net on pin output[22] with 5th driver pin 'level1_for[4].level1_if.level1_1/out_1[22]' [C:/Users/marco/OneDrive/Desktop/Projects/Progetti Vivado/NECST/Merge_SortG/Merge_SortG/Merge_SortG.srcs/sources_1/new/Merge_SortG.vhd:172]
CRITICAL WARNING: [Synth 8-6859] multi-driven net on pin output[22] with 6th driver pin 'level1_for[4].level1_if.level1_1/out_2[22]' [C:/Users/marco/OneDrive/Desktop/Projects/Progetti Vivado/NECST/Merge_SortG/Merge_SortG/Merge_SortG.srcs/sources_1/new/Merge_SortG.vhd:172]
CRITICAL WARNING: [Synth 8-6859] multi-driven net on pin output[22] with 7th driver pin 'level1_for[6].level1_if.level1_1/out_1[22]' [C:/Users/marco/OneDrive/Desktop/Projects/Progetti Vivado/NECST/Merge_SortG/Merge_SortG/Merge_SortG.srcs/sources_1/new/Merge_SortG.vhd:172]
CRITICAL WARNING: [Synth 8-6859] multi-driven net on pin output[22] with 8th driver pin 'level1_for[6].level1_if.level1_1/out_2[22]' [C:/Users/marco/OneDrive/Desktop/Projects/Progetti Vivado/NECST/Merge_SortG/Merge_SortG/Merge_SortG.srcs/sources_1/new/Merge_SortG.vhd:172]
CRITICAL WARNING: [Synth 8-6859] multi-driven net on pin output[21] with 1st driver pin 'level1_for[0].level1_if.level1_1/out_1[21]' [C:/Users/marco/OneDrive/Desktop/Projects/Progetti Vivado/NECST/Merge_SortG/Merge_SortG/Merge_SortG.srcs/sources_1/new/Merge_SortG.vhd:172]
CRITICAL WARNING: [Synth 8-6859] multi-driven net on pin output[21] with 2nd driver pin 'level1_for[0].level1_if.level1_1/out_2[21]' [C:/Users/marco/OneDrive/Desktop/Projects/Progetti Vivado/NECST/Merge_SortG/Merge_SortG/Merge_SortG.srcs/sources_1/new/Merge_SortG.vhd:172]
CRITICAL WARNING: [Synth 8-6859] multi-driven net on pin output[21] with 3rd driver pin 'level1_for[2].level1_if.level1_1/out_1[21]' [C:/Users/marco/OneDrive/Desktop/Projects/Progetti Vivado/NECST/Merge_SortG/Merge_SortG/Merge_SortG.srcs/sources_1/new/Merge_SortG.vhd:172]
CRITICAL WARNING: [Synth 8-6859] multi-driven net on pin output[21] with 4th driver pin 'level1_for[2].level1_if.level1_1/out_2[21]' [C:/Users/marco/OneDrive/Desktop/Projects/Progetti Vivado/NECST/Merge_SortG/Merge_SortG/Merge_SortG.srcs/sources_1/new/Merge_SortG.vhd:172]
CRITICAL WARNING: [Synth 8-6859] multi-driven net on pin output[21] with 5th driver pin 'level1_for[4].level1_if.level1_1/out_1[21]' [C:/Users/marco/OneDrive/Desktop/Projects/Progetti Vivado/NECST/Merge_SortG/Merge_SortG/Merge_SortG.srcs/sources_1/new/Merge_SortG.vhd:172]
CRITICAL WARNING: [Synth 8-6859] multi-driven net on pin output[21] with 6th driver pin 'level1_for[4].level1_if.level1_1/out_2[21]' [C:/Users/marco/OneDrive/Desktop/Projects/Progetti Vivado/NECST/Merge_SortG/Merge_SortG/Merge_SortG.srcs/sources_1/new/Merge_SortG.vhd:172]
CRITICAL WARNING: [Synth 8-6859] multi-driven net on pin output[21] with 7th driver pin 'level1_for[6].level1_if.level1_1/out_1[21]' [C:/Users/marco/OneDrive/Desktop/Projects/Progetti Vivado/NECST/Merge_SortG/Merge_SortG/Merge_SortG.srcs/sources_1/new/Merge_SortG.vhd:172]
CRITICAL WARNING: [Synth 8-6859] multi-driven net on pin output[21] with 8th driver pin 'level1_for[6].level1_if.level1_1/out_2[21]' [C:/Users/marco/OneDrive/Desktop/Projects/Progetti Vivado/NECST/Merge_SortG/Merge_SortG/Merge_SortG.srcs/sources_1/new/Merge_SortG.vhd:172]
CRITICAL WARNING: [Synth 8-6859] multi-driven net on pin output[20] with 1st driver pin 'level1_for[0].level1_if.level1_1/out_1[20]' [C:/Users/marco/OneDrive/Desktop/Projects/Progetti Vivado/NECST/Merge_SortG/Merge_SortG/Merge_SortG.srcs/sources_1/new/Merge_SortG.vhd:172]
CRITICAL WARNING: [Synth 8-6859] multi-driven net on pin output[20] with 2nd driver pin 'level1_for[0].level1_if.level1_1/out_2[20]' [C:/Users/marco/OneDrive/Desktop/Projects/Progetti Vivado/NECST/Merge_SortG/Merge_SortG/Merge_SortG.srcs/sources_1/new/Merge_SortG.vhd:172]
CRITICAL WARNING: [Synth 8-6859] multi-driven net on pin output[20] with 3rd driver pin 'level1_for[2].level1_if.level1_1/out_1[20]' [C:/Users/marco/OneDrive/Desktop/Projects/Progetti Vivado/NECST/Merge_SortG/Merge_SortG/Merge_SortG.srcs/sources_1/new/Merge_SortG.vhd:172]
CRITICAL WARNING: [Synth 8-6859] multi-driven net on pin output[20] with 4th driver pin 'level1_for[2].level1_if.level1_1/out_2[20]' [C:/Users/marco/OneDrive/Desktop/Projects/Progetti Vivado/NECST/Merge_SortG/Merge_SortG/Merge_SortG.srcs/sources_1/new/Merge_SortG.vhd:172]
CRITICAL WARNING: [Synth 8-6859] multi-driven net on pin output[20] with 5th driver pin 'level1_for[4].level1_if.level1_1/out_1[20]' [C:/Users/marco/OneDrive/Desktop/Projects/Progetti Vivado/NECST/Merge_SortG/Merge_SortG/Merge_SortG.srcs/sources_1/new/Merge_SortG.vhd:172]
CRITICAL WARNING: [Synth 8-6859] multi-driven net on pin output[20] with 6th driver pin 'level1_for[4].level1_if.level1_1/out_2[20]' [C:/Users/marco/OneDrive/Desktop/Projects/Progetti Vivado/NECST/Merge_SortG/Merge_SortG/Merge_SortG.srcs/sources_1/new/Merge_SortG.vhd:172]
CRITICAL WARNING: [Synth 8-6859] multi-driven net on pin output[20] with 7th driver pin 'level1_for[6].level1_if.level1_1/out_1[20]' [C:/Users/marco/OneDrive/Desktop/Projects/Progetti Vivado/NECST/Merge_SortG/Merge_SortG/Merge_SortG.srcs/sources_1/new/Merge_SortG.vhd:172]
CRITICAL WARNING: [Synth 8-6859] multi-driven net on pin output[20] with 8th driver pin 'level1_for[6].level1_if.level1_1/out_2[20]' [C:/Users/marco/OneDrive/Desktop/Projects/Progetti Vivado/NECST/Merge_SortG/Merge_SortG/Merge_SortG.srcs/sources_1/new/Merge_SortG.vhd:172]
CRITICAL WARNING: [Synth 8-6859] multi-driven net on pin output[19] with 1st driver pin 'level1_for[0].level1_if.level1_1/out_1[19]' [C:/Users/marco/OneDrive/Desktop/Projects/Progetti Vivado/NECST/Merge_SortG/Merge_SortG/Merge_SortG.srcs/sources_1/new/Merge_SortG.vhd:172]
CRITICAL WARNING: [Synth 8-6859] multi-driven net on pin output[19] with 2nd driver pin 'level1_for[0].level1_if.level1_1/out_2[19]' [C:/Users/marco/OneDrive/Desktop/Projects/Progetti Vivado/NECST/Merge_SortG/Merge_SortG/Merge_SortG.srcs/sources_1/new/Merge_SortG.vhd:172]
CRITICAL WARNING: [Synth 8-6859] multi-driven net on pin output[19] with 3rd driver pin 'level1_for[2].level1_if.level1_1/out_1[19]' [C:/Users/marco/OneDrive/Desktop/Projects/Progetti Vivado/NECST/Merge_SortG/Merge_SortG/Merge_SortG.srcs/sources_1/new/Merge_SortG.vhd:172]
CRITICAL WARNING: [Synth 8-6859] multi-driven net on pin output[19] with 4th driver pin 'level1_for[2].level1_if.level1_1/out_2[19]' [C:/Users/marco/OneDrive/Desktop/Projects/Progetti Vivado/NECST/Merge_SortG/Merge_SortG/Merge_SortG.srcs/sources_1/new/Merge_SortG.vhd:172]
INFO: [Common 17-14] Message 'Synth 8-6859' appears 100 times and further instances of the messages will be disabled. Use the Tcl command set_msg_config to change the current settings.

Report Check Netlist: 
+------+------------------+-------+---------+-------+------------------+
|      |Item              |Errors |Warnings |Status |Description       |
+------+------------------+-------+---------+-------+------------------+
|1     |multi_driven_nets |      0|       32|Failed |Multi driven nets |
+------+------------------+-------+---------+-------+------------------+
---------------------------------------------------------------------------------
Start Handling Custom Attributes
---------------------------------------------------------------------------------
---------------------------------------------------------------------------------
Finished Handling Custom Attributes : Time (s): cpu = 00:00:12 ; elapsed = 00:00:14 . Memory (MB): peak = 2543.965 ; gain = 523.855
---------------------------------------------------------------------------------
---------------------------------------------------------------------------------
Finished RTL Optimization Phase 1 : Time (s): cpu = 00:00:12 ; elapsed = 00:00:14 . Memory (MB): peak = 2543.965 ; gain = 523.855
---------------------------------------------------------------------------------
Netlist sorting complete. Time (s): cpu = 00:00:00 ; elapsed = 00:00:00.023 . Memory (MB): peak = 2543.965 ; gain = 0.000
INFO: [Project 1-570] Preparing netlist for logic optimization

Processing XDC Constraints
Initializing timing engine
Completed Processing XDC Constraints

Netlist sorting complete. Time (s): cpu = 00:00:00 ; elapsed = 00:00:00 . Memory (MB): peak = 2634.512 ; gain = 0.000
INFO: [Project 1-111] Unisim Transformation Summary:
No Unisim elements were transformed.

RTL Elaboration Complete:  : Time (s): cpu = 00:00:27 ; elapsed = 00:00:24 . Memory (MB): peak = 2683.488 ; gain = 663.379
28 Infos, 0 Warnings, 100 Critical Warnings and 0 Errors encountered.
synth_design completed successfully
synth_design: Time (s): cpu = 00:00:39 ; elapsed = 00:00:40 . Memory (MB): peak = 2683.488 ; gain = 1197.367
refresh_design
---------------------------------------------------------------------------------
Starting RTL Elaboration : Time (s): cpu = 00:00:09 ; elapsed = 00:00:09 . Memory (MB): peak = 2761.004 ; gain = 69.152
---------------------------------------------------------------------------------
INFO: [Synth 8-638] synthesizing module 'Merge_SortG' [C:/Users/marco/OneDrive/Desktop/Projects/Progetti Vivado/NECST/Merge_SortG/Merge_SortG/Merge_SortG.srcs/sources_1/new/Merge_SortG.vhd:14]
INFO: [Synth 8-3491] module 'Rgstr' declared at 'C:/Users/marco/OneDrive/Desktop/Projects/Progetti Vivado/NECST/Merge_SortG/Merge_SortG/Merge_SortG.srcs/sources_1/new/Rgstr.vhd:6' bound to instance 'SIPO_REG' of component 'Rgstr' [C:/Users/marco/OneDrive/Desktop/Projects/Progetti Vivado/NECST/Merge_SortG/Merge_SortG/Merge_SortG.srcs/sources_1/new/Merge_SortG.vhd:130]
INFO: [Synth 8-638] synthesizing module 'Rgstr' [C:/Users/marco/OneDrive/Desktop/Projects/Progetti Vivado/NECST/Merge_SortG/Merge_SortG/Merge_SortG.srcs/sources_1/new/Rgstr.vhd:15]
INFO: [Synth 8-256] done synthesizing module 'Rgstr' (0#1) [C:/Users/marco/OneDrive/Desktop/Projects/Progetti Vivado/NECST/Merge_SortG/Merge_SortG/Merge_SortG.srcs/sources_1/new/Rgstr.vhd:15]
INFO: [Synth 8-3491] module 'Rgstr' declared at 'C:/Users/marco/OneDrive/Desktop/Projects/Progetti Vivado/NECST/Merge_SortG/Merge_SortG/Merge_SortG.srcs/sources_1/new/Rgstr.vhd:6' bound to instance 'SIPO_REG' of component 'Rgstr' [C:/Users/marco/OneDrive/Desktop/Projects/Progetti Vivado/NECST/Merge_SortG/Merge_SortG/Merge_SortG.srcs/sources_1/new/Merge_SortG.vhd:141]
INFO: [Synth 8-3491] module 'Rgstr' declared at 'C:/Users/marco/OneDrive/Desktop/Projects/Progetti Vivado/NECST/Merge_SortG/Merge_SortG/Merge_SortG.srcs/sources_1/new/Rgstr.vhd:6' bound to instance 'SIPO_REG' of component 'Rgstr' [C:/Users/marco/OneDrive/Desktop/Projects/Progetti Vivado/NECST/Merge_SortG/Merge_SortG/Merge_SortG.srcs/sources_1/new/Merge_SortG.vhd:141]
INFO: [Synth 8-3491] module 'Rgstr' declared at 'C:/Users/marco/OneDrive/Desktop/Projects/Progetti Vivado/NECST/Merge_SortG/Merge_SortG/Merge_SortG.srcs/sources_1/new/Rgstr.vhd:6' bound to instance 'SIPO_REG' of component 'Rgstr' [C:/Users/marco/OneDrive/Desktop/Projects/Progetti Vivado/NECST/Merge_SortG/Merge_SortG/Merge_SortG.srcs/sources_1/new/Merge_SortG.vhd:141]
INFO: [Synth 8-3491] module 'Rgstr' declared at 'C:/Users/marco/OneDrive/Desktop/Projects/Progetti Vivado/NECST/Merge_SortG/Merge_SortG/Merge_SortG.srcs/sources_1/new/Rgstr.vhd:6' bound to instance 'SIPO_REG' of component 'Rgstr' [C:/Users/marco/OneDrive/Desktop/Projects/Progetti Vivado/NECST/Merge_SortG/Merge_SortG/Merge_SortG.srcs/sources_1/new/Merge_SortG.vhd:141]
INFO: [Synth 8-3491] module 'Rgstr' declared at 'C:/Users/marco/OneDrive/Desktop/Projects/Progetti Vivado/NECST/Merge_SortG/Merge_SortG/Merge_SortG.srcs/sources_1/new/Rgstr.vhd:6' bound to instance 'SIPO_REG' of component 'Rgstr' [C:/Users/marco/OneDrive/Desktop/Projects/Progetti Vivado/NECST/Merge_SortG/Merge_SortG/Merge_SortG.srcs/sources_1/new/Merge_SortG.vhd:141]
INFO: [Synth 8-3491] module 'Rgstr' declared at 'C:/Users/marco/OneDrive/Desktop/Projects/Progetti Vivado/NECST/Merge_SortG/Merge_SortG/Merge_SortG.srcs/sources_1/new/Rgstr.vhd:6' bound to instance 'SIPO_REG' of component 'Rgstr' [C:/Users/marco/OneDrive/Desktop/Projects/Progetti Vivado/NECST/Merge_SortG/Merge_SortG/Merge_SortG.srcs/sources_1/new/Merge_SortG.vhd:141]
INFO: [Synth 8-3491] module 'Rgstr' declared at 'C:/Users/marco/OneDrive/Desktop/Projects/Progetti Vivado/NECST/Merge_SortG/Merge_SortG/Merge_SortG.srcs/sources_1/new/Rgstr.vhd:6' bound to instance 'SIPO_REG' of component 'Rgstr' [C:/Users/marco/OneDrive/Desktop/Projects/Progetti Vivado/NECST/Merge_SortG/Merge_SortG/Merge_SortG.srcs/sources_1/new/Merge_SortG.vhd:141]
INFO: [Synth 8-3491] module 'Rgstr' declared at 'C:/Users/marco/OneDrive/Desktop/Projects/Progetti Vivado/NECST/Merge_SortG/Merge_SortG/Merge_SortG.srcs/sources_1/new/Rgstr.vhd:6' bound to instance 'WAIT_REG' of component 'Rgstr' [C:/Users/marco/OneDrive/Desktop/Projects/Progetti Vivado/NECST/Merge_SortG/Merge_SortG/Merge_SortG.srcs/sources_1/new/Merge_SortG.vhd:157]
INFO: [Synth 8-3491] module 'Rgstr' declared at 'C:/Users/marco/OneDrive/Desktop/Projects/Progetti Vivado/NECST/Merge_SortG/Merge_SortG/Merge_SortG.srcs/sources_1/new/Rgstr.vhd:6' bound to instance 'WAIT_REG' of component 'Rgstr' [C:/Users/marco/OneDrive/Desktop/Projects/Progetti Vivado/NECST/Merge_SortG/Merge_SortG/Merge_SortG.srcs/sources_1/new/Merge_SortG.vhd:157]
INFO: [Synth 8-3491] module 'Rgstr' declared at 'C:/Users/marco/OneDrive/Desktop/Projects/Progetti Vivado/NECST/Merge_SortG/Merge_SortG/Merge_SortG.srcs/sources_1/new/Rgstr.vhd:6' bound to instance 'WAIT_REG' of component 'Rgstr' [C:/Users/marco/OneDrive/Desktop/Projects/Progetti Vivado/NECST/Merge_SortG/Merge_SortG/Merge_SortG.srcs/sources_1/new/Merge_SortG.vhd:157]
INFO: [Synth 8-3491] module 'Rgstr' declared at 'C:/Users/marco/OneDrive/Desktop/Projects/Progetti Vivado/NECST/Merge_SortG/Merge_SortG/Merge_SortG.srcs/sources_1/new/Rgstr.vhd:6' bound to instance 'WAIT_REG' of component 'Rgstr' [C:/Users/marco/OneDrive/Desktop/Projects/Progetti Vivado/NECST/Merge_SortG/Merge_SortG/Merge_SortG.srcs/sources_1/new/Merge_SortG.vhd:157]
INFO: [Synth 8-3491] module 'Rgstr' declared at 'C:/Users/marco/OneDrive/Desktop/Projects/Progetti Vivado/NECST/Merge_SortG/Merge_SortG/Merge_SortG.srcs/sources_1/new/Rgstr.vhd:6' bound to instance 'WAIT_REG' of component 'Rgstr' [C:/Users/marco/OneDrive/Desktop/Projects/Progetti Vivado/NECST/Merge_SortG/Merge_SortG/Merge_SortG.srcs/sources_1/new/Merge_SortG.vhd:157]
INFO: [Synth 8-3491] module 'Rgstr' declared at 'C:/Users/marco/OneDrive/Desktop/Projects/Progetti Vivado/NECST/Merge_SortG/Merge_SortG/Merge_SortG.srcs/sources_1/new/Rgstr.vhd:6' bound to instance 'WAIT_REG' of component 'Rgstr' [C:/Users/marco/OneDrive/Desktop/Projects/Progetti Vivado/NECST/Merge_SortG/Merge_SortG/Merge_SortG.srcs/sources_1/new/Merge_SortG.vhd:157]
INFO: [Synth 8-3491] module 'Rgstr' declared at 'C:/Users/marco/OneDrive/Desktop/Projects/Progetti Vivado/NECST/Merge_SortG/Merge_SortG/Merge_SortG.srcs/sources_1/new/Rgstr.vhd:6' bound to instance 'WAIT_REG' of component 'Rgstr' [C:/Users/marco/OneDrive/Desktop/Projects/Progetti Vivado/NECST/Merge_SortG/Merge_SortG/Merge_SortG.srcs/sources_1/new/Merge_SortG.vhd:157]
INFO: [Synth 8-3491] module 'Rgstr' declared at 'C:/Users/marco/OneDrive/Desktop/Projects/Progetti Vivado/NECST/Merge_SortG/Merge_SortG/Merge_SortG.srcs/sources_1/new/Rgstr.vhd:6' bound to instance 'WAIT_REG' of component 'Rgstr' [C:/Users/marco/OneDrive/Desktop/Projects/Progetti Vivado/NECST/Merge_SortG/Merge_SortG/Merge_SortG.srcs/sources_1/new/Merge_SortG.vhd:157]
INFO: [Synth 8-637] synthesizing blackbox instance 'level1_1' of component 'Merge_1' [C:/Users/marco/OneDrive/Desktop/Projects/Progetti Vivado/NECST/Merge_SortG/Merge_SortG/Merge_SortG.srcs/sources_1/new/Merge_SortG.vhd:172]
INFO: [Synth 8-637] synthesizing blackbox instance 'level1_1' of component 'Merge_1' [C:/Users/marco/OneDrive/Desktop/Projects/Progetti Vivado/NECST/Merge_SortG/Merge_SortG/Merge_SortG.srcs/sources_1/new/Merge_SortG.vhd:172]
INFO: [Synth 8-637] synthesizing blackbox instance 'level1_1' of component 'Merge_1' [C:/Users/marco/OneDrive/Desktop/Projects/Progetti Vivado/NECST/Merge_SortG/Merge_SortG/Merge_SortG.srcs/sources_1/new/Merge_SortG.vhd:172]
INFO: [Synth 8-637] synthesizing blackbox instance 'level1_1' of component 'Merge_1' [C:/Users/marco/OneDrive/Desktop/Projects/Progetti Vivado/NECST/Merge_SortG/Merge_SortG/Merge_SortG.srcs/sources_1/new/Merge_SortG.vhd:172]
ERROR: [Synth 8-3380] loop condition does not converge after 2000 iterations [C:/Users/marco/OneDrive/Desktop/Projects/Progetti Vivado/NECST/Merge_SortG/Merge_SortG/Merge_SortG.srcs/sources_1/new/Merge_SortG.vhd:51]
ERROR: [Synth 8-285] failed synthesizing module 'Merge_SortG' [C:/Users/marco/OneDrive/Desktop/Projects/Progetti Vivado/NECST/Merge_SortG/Merge_SortG/Merge_SortG.srcs/sources_1/new/Merge_SortG.vhd:14]
---------------------------------------------------------------------------------
Finished RTL Elaboration : Time (s): cpu = 00:01:33 ; elapsed = 00:01:36 . Memory (MB): peak = 6900.578 ; gain = 4208.727
---------------------------------------------------------------------------------
RTL Elaboration failed
refresh_design: Time (s): cpu = 00:01:48 ; elapsed = 00:01:55 . Memory (MB): peak = 6900.578 ; gain = 4208.727
ERROR: [Common 17-39] 'refresh_design' failed due to earlier errors.
exit
INFO: [Common 17-206] Exiting Vivado at Sat Dec  2 01:26:20 2023...
